[I]20:23:48.601 ================================================================================
[I]20:23:48.607                                    SGFDebuger                                   
[I]20:23:48.607 --------------------------------------------------------------------------------
[I]20:23:48.608 Time:	20:23:48.598 
[I]20:23:48.609 Path:	F:\Project\gad\Recording\Snaker2\Server\Apps\/ServerLog/
[I]20:23:48.609 ================================================================================
[I]20:23:48.612 > Program::InitDebuger() 
[I]20:23:48.625 > ServerManager::StartServer() 1
[I]20:23:48.626 > ServerConfig::ReadConfig() 
[I]20:23:48.639 > ZoneServer[1,4540]::Create() 
[I]20:23:48.642 > ZoneServer[1,4540]::Start() 
[I]20:23:48.646 > NetManager::Init() port:4540
[I]20:23:48.649 > Gateway::Init() port:4540
[I]20:23:48.652 > Gateway::Start() 
[I]20:23:48.689 > IPCConfig::ReadConfig() 
[I]20:23:48.697 > NetManager::AddListener() cmd:1, listener:OnlineManager.OnLoginReq
[I]20:23:48.698 > NetManager::AddListener() cmd:3, listener:OnlineManager.OnHeartBeatReq
[I]20:23:48.699 > RPCManagerBase::RegisterListener() OnlineManager
[I]20:23:48.700 > RPCManagerBase::RegisterListener() RoomManager
[I]20:23:48.700 > RPCManagerBase::RegisterListener() RoomManager
[I]20:23:48.703 > MainLoop::Run() 
[I]20:24:04.631 > OnlineManager::OnLoginReq() session:1, index:1, name:aa
[I]20:24:04.637 > NetManager::Send() index:1, cmd:2
[I]20:24:06.925 > NetManager::Send() index:2, cmd:4
[I]20:24:11.937 > NetManager::Send() index:3, cmd:4
[I]20:24:13.508 > NetManager::Invoke() ->Session<Cnt=1> NotifyRoomUpdate([<id:1, name:aaaa, owner:1, players:[<id:1, name:aa, userId:1, sid:1, isReady:True>]>])
[I]20:24:16.936 > NetManager::Send() index:4, cmd:4
[I]20:24:18.488 > IPCManager::Invoke() ->[2] StartGame([Snaker.GlobalData.Data.GamesServerStartParam])
[I]20:24:18.721 > IPCManager::HandleMessage() [2]-> OnStartGame([[10, 9, 49, 50, 55, 46, 48, 46, 48, 46, 49, 16, 189, 35, 32, 66, 40, 152, 117, 48, 2, 72, 136, 14, 80, 1, 88, 1, 104, 1], [8, 1, 24, 1, 32, 1]])
[I]20:24:18.740 > NetManager::Invoke() ->Session[1] NotifyGameStart([Snaker.GlobalData.Data.PVPStartParam])
[I]20:24:21.940 > NetManager::Send() index:5, cmd:4
[I]20:24:26.954 > NetManager::Send() index:6, cmd:4
[I]20:24:31.962 > NetManager::Send() index:7, cmd:4
[I]20:24:36.964 > NetManager::Send() index:8, cmd:4
[I]20:24:41.971 > NetManager::Send() index:9, cmd:4
[I]20:24:46.974 > NetManager::Send() index:10, cmd:4
[I]20:24:51.988 > NetManager::Send() index:11, cmd:4
[I]20:24:57.003 > NetManager::Send() index:12, cmd:4
[I]20:25:02.008 > NetManager::Send() index:13, cmd:4
[I]20:25:07.012 > NetManager::Send() index:14, cmd:4
[I]20:25:12.017 > NetManager::Send() index:15, cmd:4
[I]20:25:17.026 > NetManager::Send() index:16, cmd:4
[I]20:25:22.036 > NetManager::Send() index:17, cmd:4
[I]20:25:27.041 > NetManager::Send() index:18, cmd:4
[I]20:25:32.047 > NetManager::Send() index:19, cmd:4
[I]20:25:37.055 > NetManager::Send() index:20, cmd:4
[I]20:25:42.059 > NetManager::Send() index:21, cmd:4
[I]20:25:47.069 > NetManager::Send() index:22, cmd:4
[I]20:25:52.074 > NetManager::Send() index:23, cmd:4
[I]20:25:57.083 > NetManager::Send() index:24, cmd:4
[I]20:26:02.088 > NetManager::Send() index:25, cmd:4
[I]20:26:07.099 > NetManager::Send() index:26, cmd:4
[I]20:26:12.108 > NetManager::Send() index:27, cmd:4
[I]20:26:17.115 > NetManager::Send() index:28, cmd:4
[I]20:26:22.116 > NetManager::Send() index:29, cmd:4
[I]20:26:27.123 > NetManager::Send() index:30, cmd:4
[I]20:26:32.125 > NetManager::Send() index:31, cmd:4
[I]20:26:37.132 > NetManager::Send() index:32, cmd:4
[I]20:26:42.149 > NetManager::Send() index:33, cmd:4
[I]20:26:47.149 > NetManager::Send() index:34, cmd:4
[I]20:26:52.163 > NetManager::Send() index:35, cmd:4
[I]20:26:57.179 > NetManager::Send() index:36, cmd:4
[I]20:27:02.188 > NetManager::Send() index:37, cmd:4
[I]20:27:07.191 > NetManager::Send() index:38, cmd:4
[I]20:27:12.196 > NetManager::Send() index:39, cmd:4
[I]20:27:17.208 > NetManager::Send() index:40, cmd:4
[I]20:27:22.216 > NetManager::Send() index:41, cmd:4
[I]20:27:27.222 > NetManager::Send() index:42, cmd:4
[I]20:27:32.222 > NetManager::Send() index:43, cmd:4
[I]20:27:37.233 > NetManager::Send() index:44, cmd:4
[I]20:27:42.239 > NetManager::Send() index:45, cmd:4
[I]20:27:47.249 > NetManager::Send() index:46, cmd:4
[I]20:27:52.252 > NetManager::Send() index:47, cmd:4
[I]20:27:57.258 > NetManager::Send() index:48, cmd:4
[I]20:28:02.262 > NetManager::Send() index:49, cmd:4
[I]20:28:07.267 > NetManager::Send() index:50, cmd:4
[I]20:28:12.274 > NetManager::Send() index:51, cmd:4
[I]20:28:17.280 > NetManager::Send() index:52, cmd:4
[I]20:28:22.284 > NetManager::Send() index:53, cmd:4
[I]20:28:27.286 > NetManager::Send() index:54, cmd:4
[I]20:28:32.298 > NetManager::Send() index:55, cmd:4
[I]20:28:37.302 > NetManager::Send() index:56, cmd:4
[I]20:28:42.311 > NetManager::Send() index:57, cmd:4
[I]20:28:47.321 > NetManager::Send() index:58, cmd:4
[I]20:28:52.325 > NetManager::Send() index:59, cmd:4
[I]20:28:57.340 > NetManager::Send() index:60, cmd:4
[I]20:29:02.353 > NetManager::Send() index:61, cmd:4
[I]20:29:07.364 > NetManager::Send() index:62, cmd:4
[I]20:29:12.369 > NetManager::Send() index:63, cmd:4
[I]20:29:17.373 > NetManager::Send() index:64, cmd:4
[I]20:29:22.377 > NetManager::Send() index:65, cmd:4
[I]20:29:27.381 > NetManager::Send() index:66, cmd:4
[I]20:29:38.437 > OnlineManager::OnLoginReq() session:2, index:1, name:bbb
[I]20:29:38.438 > NetManager::Send() index:1, cmd:2
[I]20:29:38.677 > NetManager::Send() index:2, cmd:4
[I]20:29:43.688 > NetManager::Send() index:3, cmd:4
[I]20:29:44.163 > NetManager::Invoke() ->Session<Cnt=1> NotifyRoomUpdate([<id:2, name:aaaa, owner:2, players:[<id:1, name:bbb, userId:2, sid:2, isReady:True>]>])
[I]20:29:45.832 > IPCManager::Invoke() ->[2] StartGame([Snaker.GlobalData.Data.GamesServerStartParam])
[I]20:29:48.693 > NetManager::Send() index:4, cmd:4
[I]20:29:50.282 > IPCManager::HandleMessage() [2]-> OnStartGame([[10, 9, 49, 50, 55, 46, 48, 46, 48, 46, 49, 16, 189, 35, 32, 66, 40, 152, 117, 48, 2, 72, 136, 14, 80, 1, 88, 1, 104, 1], [8, 2, 24, 1, 32, 2]])
[I]20:29:50.285 > NetManager::Invoke() ->Session[2] NotifyGameStart([Snaker.GlobalData.Data.PVPStartParam])
[I]20:29:53.709 > NetManager::Send() index:5, cmd:4
[I]20:29:58.718 > NetManager::Send() index:6, cmd:4
[I]20:30:03.729 > NetManager::Send() index:7, cmd:4
[I]20:30:08.732 > NetManager::Send() index:8, cmd:4
[I]20:30:13.745 > NetManager::Send() index:9, cmd:4
[I]20:30:18.755 > NetManager::Send() index:10, cmd:4
[I]20:30:23.759 > NetManager::Send() index:11, cmd:4
[I]20:30:28.763 > NetManager::Send() index:12, cmd:4
[I]20:30:33.768 > NetManager::Send() index:13, cmd:4
[I]20:30:38.771 > NetManager::Send() index:14, cmd:4
[I]20:30:43.778 > NetManager::Send() index:15, cmd:4
[I]20:30:48.784 > NetManager::Send() index:16, cmd:4
[I]20:30:53.796 > NetManager::Send() index:17, cmd:4
[I]20:30:58.808 > NetManager::Send() index:18, cmd:4
[I]20:31:03.817 > NetManager::Send() index:19, cmd:4
[I]20:31:08.819 > NetManager::Send() index:20, cmd:4
[I]20:31:13.824 > NetManager::Send() index:21, cmd:4
[I]20:31:18.838 > NetManager::Send() index:22, cmd:4
[I]20:31:23.843 > NetManager::Send() index:23, cmd:4
[I]20:31:28.857 > NetManager::Send() index:24, cmd:4
[I]20:31:33.862 > NetManager::Send() index:25, cmd:4
[I]20:31:38.871 > NetManager::Send() index:26, cmd:4
[I]20:31:43.875 > NetManager::Send() index:27, cmd:4
[I]20:31:48.883 > NetManager::Send() index:28, cmd:4
[I]20:31:53.887 > NetManager::Send() index:29, cmd:4
[I]20:31:58.891 > NetManager::Send() index:30, cmd:4
[I]20:32:03.901 > NetManager::Send() index:31, cmd:4
[I]20:32:08.906 > NetManager::Send() index:32, cmd:4
