[I]00:31:40.604 ================================================================================
[I]00:31:40.607                                    SGFDebuger                                   
[I]00:31:40.608 --------------------------------------------------------------------------------
[I]00:31:40.608 Time:	00:31:40.603 
[I]00:31:40.609 Path:	F:\Project\gad\Recording\Snaker2\Server\Apps\/ServerLog/
[I]00:31:40.609 ================================================================================
[I]00:31:40.611 > Program::InitDebuger() 
[I]00:31:40.621 > ServerManager::StartServer() 1
[I]00:31:40.623 > ServerConfig::ReadConfig() 
[I]00:31:40.635 > ZoneServer[1,4540]::Create() 
[I]00:31:40.638 > ZoneServer[1,4540]::Start() 
[I]00:31:40.641 > NetManager::Init() port:4540
[I]00:31:40.643 > Gateway::Init() port:4540
[I]00:31:40.644 > Gateway::Start() 
[I]00:31:40.664 > IPCConfig::ReadConfig() 
[I]00:31:40.670 > NetManager::AddListener() cmd:1, listener:OnlineManager.OnLoginReq
[I]00:31:40.671 > NetManager::AddListener() cmd:3, listener:OnlineManager.OnHeartBeatReq
[I]00:31:40.672 > RPCManagerBase::RegisterListener() OnlineManager
[I]00:31:40.673 > RPCManagerBase::RegisterListener() RoomManager
[I]00:31:40.673 > RPCManagerBase::RegisterListener() RoomManager
[I]00:31:40.674 > MainLoop::Run() 
[I]00:32:03.769 > OnlineManager::OnLoginReq() session:1, index:1, name:aaaa
[I]00:32:03.774 > NetManager::Send() index:1, cmd:2
[I]00:32:05.296 > NetManager::Send() index:2, cmd:4
[I]00:32:08.316 > NetManager::Invoke() ->Session<Cnt=1> NotifyRoomUpdate([<id:1, name:bbb, owner:1, players:[<id:1, name:aaaa, userId:1, sid:1, isReady:True>]>])
[I]00:32:08.969 > IPCManager::Invoke() ->[2] StartGame([Snaker.GlobalData.Data.GamesServerStartParam])
[I]00:32:09.164 > IPCManager::HandleMessage() [2]-> OnStartGame([[10, 9, 49, 50, 55, 46, 48, 46, 48, 46, 49, 16, 189, 35, 32, 66, 40, 152, 117, 48, 2, 72, 136, 14, 80, 1, 88, 1, 104, 1], [8, 1, 24, 1, 32, 1]])
[I]00:32:09.170 > NetManager::Invoke() ->Session[1] NotifyGameStart([Snaker.GlobalData.Data.PVPStartParam])
[I]00:32:10.303 > NetManager::Send() index:3, cmd:4
[I]00:32:15.313 > NetManager::Send() index:4, cmd:4
[I]00:32:20.317 > NetManager::Send() index:5, cmd:4
[I]00:32:25.322 > NetManager::Send() index:6, cmd:4
[I]00:32:30.326 > NetManager::Send() index:7, cmd:4
[I]00:32:35.331 > NetManager::Send() index:8, cmd:4
[I]00:32:40.335 > NetManager::Send() index:9, cmd:4
[I]00:32:45.339 > NetManager::Send() index:10, cmd:4
[I]00:32:50.343 > NetManager::Send() index:11, cmd:4
[I]00:32:55.349 > NetManager::Send() index:12, cmd:4
[I]00:33:00.352 > NetManager::Send() index:13, cmd:4
[I]00:33:05.355 > NetManager::Send() index:14, cmd:4
[I]00:33:10.360 > NetManager::Send() index:15, cmd:4
[I]00:33:15.364 > NetManager::Send() index:16, cmd:4
[I]00:33:20.370 > NetManager::Send() index:17, cmd:4
[I]00:33:25.374 > NetManager::Send() index:18, cmd:4
[I]00:33:30.376 > NetManager::Send() index:19, cmd:4
[I]00:33:35.380 > NetManager::Send() index:20, cmd:4
[I]00:33:40.385 > NetManager::Send() index:21, cmd:4
[I]00:35:30.266 > OnlineManager::OnLoginReq() session:2, index:1, name:bbb
[I]00:35:30.269 > NetManager::Send() index:1, cmd:2
[I]00:35:33.138 > NetManager::Send() index:2, cmd:4
[I]00:35:35.924 > NetManager::Invoke() ->Session<Cnt=1> NotifyRoomUpdate([<id:2, name:bbbb, owner:2, players:[<id:1, name:bbb, userId:2, sid:2, isReady:True>]>])
[I]00:35:36.749 > IPCManager::Invoke() ->[2] StartGame([Snaker.GlobalData.Data.GamesServerStartParam])
[I]00:35:36.764 > IPCManager::HandleMessage() [2]-> OnStartGame([[10, 9, 49, 50, 55, 46, 48, 46, 48, 46, 49, 16, 189, 35, 32, 66, 40, 152, 117, 48, 2, 72, 136, 14, 80, 1, 88, 1, 104, 1], [8, 2, 24, 1, 32, 2]])
[I]00:35:36.767 > NetManager::Invoke() ->Session[2] NotifyGameStart([Snaker.GlobalData.Data.PVPStartParam])
[I]00:35:38.145 > NetManager::Send() index:3, cmd:4
[I]00:35:43.150 > NetManager::Send() index:4, cmd:4
[I]00:35:48.158 > NetManager::Send() index:5, cmd:4
[I]00:35:53.163 > NetManager::Send() index:6, cmd:4
[I]00:35:58.167 > NetManager::Send() index:7, cmd:4
[I]00:36:03.170 > NetManager::Send() index:8, cmd:4
[I]00:36:08.174 > NetManager::Send() index:9, cmd:4
[I]00:36:13.175 > NetManager::Send() index:10, cmd:4
[I]00:36:18.180 > NetManager::Send() index:11, cmd:4
[I]00:36:23.183 > NetManager::Send() index:12, cmd:4
[I]00:36:28.187 > NetManager::Send() index:13, cmd:4
[I]00:36:33.191 > NetManager::Send() index:14, cmd:4
[I]00:36:38.195 > NetManager::Send() index:15, cmd:4
[I]00:36:43.201 > NetManager::Send() index:16, cmd:4
[I]00:36:48.204 > NetManager::Send() index:17, cmd:4
[I]00:36:53.212 > NetManager::Send() index:18, cmd:4
[I]00:36:58.216 > NetManager::Send() index:19, cmd:4
