[I]23:10:27.621 ================================================================================
[I]23:10:27.625                                    SGFDebuger                                   
[I]23:10:27.626 --------------------------------------------------------------------------------
[I]23:10:27.626 Time:	23:10:27.620 
[I]23:10:27.626 Path:	F:\Project\gad\Recording\Snaker2\Server\Apps\/ServerLog/
[I]23:10:27.626 ================================================================================
[I]23:10:27.632 > Program::InitDebuger() 
[I]23:10:27.652 > ServerManager::StartServer() 1
[I]23:10:27.656 > ServerConfig::ReadConfig() 
[I]23:10:27.682 > ZoneServer[1,4540]::Create() 
[I]23:10:27.685 > ZoneServer[1,4540]::Start() 
[I]23:10:27.689 > NetManager::Init() port:4540
[I]23:10:27.692 > Gateway::Init() port:4540
[I]23:10:27.694 > Gateway::Start() 
[I]23:10:27.743 > IPCConfig::ReadConfig() 
[I]23:10:27.749 > NetManager::AddListener() cmd:1, listener:OnlineManager.OnLoginReq
[I]23:10:27.750 > NetManager::AddListener() cmd:3, listener:OnlineManager.OnHeartBeatReq
[I]23:10:27.751 > RPCManagerBase::RegisterListener() OnlineManager
[I]23:10:27.752 > RPCManagerBase::RegisterListener() RoomManager
[I]23:10:27.753 > RPCManagerBase::RegisterListener() RoomManager
[I]23:10:27.754 > MainLoop::Run() 
[I]23:10:30.474 > OnlineManager::OnLoginReq() session:1, index:2, name:a
[I]23:10:30.477 > NetManager::Send() index:2, cmd:2
[W]23:10:30.536 > Gateway::Thread_Recv() 远程主机强迫关闭了一个现有的连接。
   在 System.Net.Sockets.Socket.ReceiveFrom(Byte[] buffer, Int32 offset, Int32 size, SocketFlags socketFlags, EndPoint& remoteEP)
   在 System.Net.Sockets.Socket.ReceiveFrom(Byte[] buffer, Int32 size, SocketFlags socketFlags, EndPoint& remoteEP)
   在 SGF.Network.General.Server.Gateway.DoReceiveInThread() 位置 F:\Project\gad\Recording\SGF\SGFCore\Network\General\Server\Gateway.cs:行号 134
   在 SGF.Network.General.Server.Gateway.Thread_Recv() 位置 F:\Project\gad\Recording\SGF\SGFCore\Network\General\Server\Gateway.cs:行号 118
[W]23:10:30.543 > Gateway::Thread_Recv() 远程主机强迫关闭了一个现有的连接。
   在 System.Net.Sockets.Socket.ReceiveFrom(Byte[] buffer, Int32 offset, Int32 size, SocketFlags socketFlags, EndPoint& remoteEP)
   在 System.Net.Sockets.Socket.ReceiveFrom(Byte[] buffer, Int32 size, SocketFlags socketFlags, EndPoint& remoteEP)
   在 SGF.Network.General.Server.Gateway.DoReceiveInThread() 位置 F:\Project\gad\Recording\SGF\SGFCore\Network\General\Server\Gateway.cs:行号 134
   在 SGF.Network.General.Server.Gateway.Thread_Recv() 位置 F:\Project\gad\Recording\SGF\SGFCore\Network\General\Server\Gateway.cs:行号 118
[W]23:10:30.853 > Gateway::Thread_Recv() 远程主机强迫关闭了一个现有的连接。
   在 System.Net.Sockets.Socket.ReceiveFrom(Byte[] buffer, Int32 offset, Int32 size, SocketFlags socketFlags, EndPoint& remoteEP)
   在 System.Net.Sockets.Socket.ReceiveFrom(Byte[] buffer, Int32 size, SocketFlags socketFlags, EndPoint& remoteEP)
   在 SGF.Network.General.Server.Gateway.DoReceiveInThread() 位置 F:\Project\gad\Recording\SGF\SGFCore\Network\General\Server\Gateway.cs:行号 134
   在 SGF.Network.General.Server.Gateway.Thread_Recv() 位置 F:\Project\gad\Recording\SGF\SGFCore\Network\General\Server\Gateway.cs:行号 118
[W]23:10:31.252 > Gateway::Thread_Recv() 远程主机强迫关闭了一个现有的连接。
   在 System.Net.Sockets.Socket.ReceiveFrom(Byte[] buffer, Int32 offset, Int32 size, SocketFlags socketFlags, EndPoint& remoteEP)
   在 System.Net.Sockets.Socket.ReceiveFrom(Byte[] buffer, Int32 size, SocketFlags socketFlags, EndPoint& remoteEP)
   在 SGF.Network.General.Server.Gateway.DoReceiveInThread() 位置 F:\Project\gad\Recording\SGF\SGFCore\Network\General\Server\Gateway.cs:行号 134
   在 SGF.Network.General.Server.Gateway.Thread_Recv() 位置 F:\Project\gad\Recording\SGF\SGFCore\Network\General\Server\Gateway.cs:行号 118
[W]23:10:31.752 > Gateway::Thread_Recv() 远程主机强迫关闭了一个现有的连接。
   在 System.Net.Sockets.Socket.ReceiveFrom(Byte[] buffer, Int32 offset, Int32 size, SocketFlags socketFlags, EndPoint& remoteEP)
   在 System.Net.Sockets.Socket.ReceiveFrom(Byte[] buffer, Int32 size, SocketFlags socketFlags, EndPoint& remoteEP)
   在 SGF.Network.General.Server.Gateway.DoReceiveInThread() 位置 F:\Project\gad\Recording\SGF\SGFCore\Network\General\Server\Gateway.cs:行号 134
   在 SGF.Network.General.Server.Gateway.Thread_Recv() 位置 F:\Project\gad\Recording\SGF\SGFCore\Network\General\Server\Gateway.cs:行号 118
[I]23:10:32.140 > OnlineManager::OnLoginReq() session:2, index:3, name:a
[I]23:10:32.144 > NetManager::Send() index:3, cmd:2
[W]23:10:32.354 > Gateway::Thread_Recv() 远程主机强迫关闭了一个现有的连接。
   在 System.Net.Sockets.Socket.ReceiveFrom(Byte[] buffer, Int32 offset, Int32 size, SocketFlags socketFlags, EndPoint& remoteEP)
   在 System.Net.Sockets.Socket.ReceiveFrom(Byte[] buffer, Int32 size, SocketFlags socketFlags, EndPoint& remoteEP)
   在 SGF.Network.General.Server.Gateway.DoReceiveInThread() 位置 F:\Project\gad\Recording\SGF\SGFCore\Network\General\Server\Gateway.cs:行号 134
   在 SGF.Network.General.Server.Gateway.Thread_Recv() 位置 F:\Project\gad\Recording\SGF\SGFCore\Network\General\Server\Gateway.cs:行号 118
[W]23:10:33.064 > Gateway::Thread_Recv() 远程主机强迫关闭了一个现有的连接。
   在 System.Net.Sockets.Socket.ReceiveFrom(Byte[] buffer, Int32 offset, Int32 size, SocketFlags socketFlags, EndPoint& remoteEP)
   在 System.Net.Sockets.Socket.ReceiveFrom(Byte[] buffer, Int32 size, SocketFlags socketFlags, EndPoint& remoteEP)
   在 SGF.Network.General.Server.Gateway.DoReceiveInThread() 位置 F:\Project\gad\Recording\SGF\SGFCore\Network\General\Server\Gateway.cs:行号 134
   在 SGF.Network.General.Server.Gateway.Thread_Recv() 位置 F:\Project\gad\Recording\SGF\SGFCore\Network\General\Server\Gateway.cs:行号 118
[W]23:10:33.875 > Gateway::Thread_Recv() 远程主机强迫关闭了一个现有的连接。
   在 System.Net.Sockets.Socket.ReceiveFrom(Byte[] buffer, Int32 offset, Int32 size, SocketFlags socketFlags, EndPoint& remoteEP)
   在 System.Net.Sockets.Socket.ReceiveFrom(Byte[] buffer, Int32 size, SocketFlags socketFlags, EndPoint& remoteEP)
   在 SGF.Network.General.Server.Gateway.DoReceiveInThread() 位置 F:\Project\gad\Recording\SGF\SGFCore\Network\General\Server\Gateway.cs:行号 134
   在 SGF.Network.General.Server.Gateway.Thread_Recv() 位置 F:\Project\gad\Recording\SGF\SGFCore\Network\General\Server\Gateway.cs:行号 118
[I]23:10:34.697 > OnlineManager::OnLoginReq() session:3, index:4, name:aa
[I]23:10:34.701 > NetManager::Send() index:4, cmd:2
[W]23:10:34.775 > Gateway::Thread_Recv() 远程主机强迫关闭了一个现有的连接。
   在 System.Net.Sockets.Socket.ReceiveFrom(Byte[] buffer, Int32 offset, Int32 size, SocketFlags socketFlags, EndPoint& remoteEP)
   在 System.Net.Sockets.Socket.ReceiveFrom(Byte[] buffer, Int32 size, SocketFlags socketFlags, EndPoint& remoteEP)
   在 SGF.Network.General.Server.Gateway.DoReceiveInThread() 位置 F:\Project\gad\Recording\SGF\SGFCore\Network\General\Server\Gateway.cs:行号 134
   在 SGF.Network.General.Server.Gateway.Thread_Recv() 位置 F:\Project\gad\Recording\SGF\SGFCore\Network\General\Server\Gateway.cs:行号 118
[I]23:10:34.944 > NetManager::Send() index:5, cmd:4
[W]23:10:35.782 > Gateway::Thread_Recv() 远程主机强迫关闭了一个现有的连接。
   在 System.Net.Sockets.Socket.ReceiveFrom(Byte[] buffer, Int32 offset, Int32 size, SocketFlags socketFlags, EndPoint& remoteEP)
   在 System.Net.Sockets.Socket.ReceiveFrom(Byte[] buffer, Int32 size, SocketFlags socketFlags, EndPoint& remoteEP)
   在 SGF.Network.General.Server.Gateway.DoReceiveInThread() 位置 F:\Project\gad\Recording\SGF\SGFCore\Network\General\Server\Gateway.cs:行号 134
   在 SGF.Network.General.Server.Gateway.Thread_Recv() 位置 F:\Project\gad\Recording\SGF\SGFCore\Network\General\Server\Gateway.cs:行号 118
[W]23:10:36.882 > Gateway::Thread_Recv() 远程主机强迫关闭了一个现有的连接。
   在 System.Net.Sockets.Socket.ReceiveFrom(Byte[] buffer, Int32 offset, Int32 size, SocketFlags socketFlags, EndPoint& remoteEP)
   在 System.Net.Sockets.Socket.ReceiveFrom(Byte[] buffer, Int32 size, SocketFlags socketFlags, EndPoint& remoteEP)
   在 SGF.Network.General.Server.Gateway.DoReceiveInThread() 位置 F:\Project\gad\Recording\SGF\SGFCore\Network\General\Server\Gateway.cs:行号 134
   在 SGF.Network.General.Server.Gateway.Thread_Recv() 位置 F:\Project\gad\Recording\SGF\SGFCore\Network\General\Server\Gateway.cs:行号 118
[W]23:10:38.082 > Gateway::Thread_Recv() 远程主机强迫关闭了一个现有的连接。
   在 System.Net.Sockets.Socket.ReceiveFrom(Byte[] buffer, Int32 offset, Int32 size, SocketFlags socketFlags, EndPoint& remoteEP)
   在 System.Net.Sockets.Socket.ReceiveFrom(Byte[] buffer, Int32 size, SocketFlags socketFlags, EndPoint& remoteEP)
   在 SGF.Network.General.Server.Gateway.DoReceiveInThread() 位置 F:\Project\gad\Recording\SGF\SGFCore\Network\General\Server\Gateway.cs:行号 134
   在 SGF.Network.General.Server.Gateway.Thread_Recv() 位置 F:\Project\gad\Recording\SGF\SGFCore\Network\General\Server\Gateway.cs:行号 118
[W]23:10:39.394 > Gateway::Thread_Recv() 远程主机强迫关闭了一个现有的连接。
   在 System.Net.Sockets.Socket.ReceiveFrom(Byte[] buffer, Int32 offset, Int32 size, SocketFlags socketFlags, EndPoint& remoteEP)
   在 System.Net.Sockets.Socket.ReceiveFrom(Byte[] buffer, Int32 size, SocketFlags socketFlags, EndPoint& remoteEP)
   在 SGF.Network.General.Server.Gateway.DoReceiveInThread() 位置 F:\Project\gad\Recording\SGF\SGFCore\Network\General\Server\Gateway.cs:行号 134
   在 SGF.Network.General.Server.Gateway.Thread_Recv() 位置 F:\Project\gad\Recording\SGF\SGFCore\Network\General\Server\Gateway.cs:行号 118
[I]23:10:39.901 > NetManager::Send() index:6, cmd:4
[I]23:10:39.948 > NetManager::Invoke() ->Session<Cnt=1> NotifyRoomUpdate([<id:1, name:aaaaa, owner:3, players:[<id:0, name:aa, userId:3, sid:3, isReady:True>]>])
[W]23:10:40.804 > Gateway::Thread_Recv() 远程主机强迫关闭了一个现有的连接。
   在 System.Net.Sockets.Socket.ReceiveFrom(Byte[] buffer, Int32 offset, Int32 size, SocketFlags socketFlags, EndPoint& remoteEP)
   在 System.Net.Sockets.Socket.ReceiveFrom(Byte[] buffer, Int32 size, SocketFlags socketFlags, EndPoint& remoteEP)
   在 SGF.Network.General.Server.Gateway.DoReceiveInThread() 位置 F:\Project\gad\Recording\SGF\SGFCore\Network\General\Server\Gateway.cs:行号 134
   在 SGF.Network.General.Server.Gateway.Thread_Recv() 位置 F:\Project\gad\Recording\SGF\SGFCore\Network\General\Server\Gateway.cs:行号 118
[W]23:10:42.312 > Gateway::Thread_Recv() 远程主机强迫关闭了一个现有的连接。
   在 System.Net.Sockets.Socket.ReceiveFrom(Byte[] buffer, Int32 offset, Int32 size, SocketFlags socketFlags, EndPoint& remoteEP)
   在 System.Net.Sockets.Socket.ReceiveFrom(Byte[] buffer, Int32 size, SocketFlags socketFlags, EndPoint& remoteEP)
   在 SGF.Network.General.Server.Gateway.DoReceiveInThread() 位置 F:\Project\gad\Recording\SGF\SGFCore\Network\General\Server\Gateway.cs:行号 134
   在 SGF.Network.General.Server.Gateway.Thread_Recv() 位置 F:\Project\gad\Recording\SGF\SGFCore\Network\General\Server\Gateway.cs:行号 118
[W]23:10:43.912 > Gateway::Thread_Recv() 远程主机强迫关闭了一个现有的连接。
   在 System.Net.Sockets.Socket.ReceiveFrom(Byte[] buffer, Int32 offset, Int32 size, SocketFlags socketFlags, EndPoint& remoteEP)
   在 System.Net.Sockets.Socket.ReceiveFrom(Byte[] buffer, Int32 size, SocketFlags socketFlags, EndPoint& remoteEP)
   在 SGF.Network.General.Server.Gateway.DoReceiveInThread() 位置 F:\Project\gad\Recording\SGF\SGFCore\Network\General\Server\Gateway.cs:行号 134
   在 SGF.Network.General.Server.Gateway.Thread_Recv() 位置 F:\Project\gad\Recording\SGF\SGFCore\Network\General\Server\Gateway.cs:行号 118
[W]23:10:45.612 > Gateway::Thread_Recv() 远程主机强迫关闭了一个现有的连接。
   在 System.Net.Sockets.Socket.ReceiveFrom(Byte[] buffer, Int32 offset, Int32 size, SocketFlags socketFlags, EndPoint& remoteEP)
   在 System.Net.Sockets.Socket.ReceiveFrom(Byte[] buffer, Int32 size, SocketFlags socketFlags, EndPoint& remoteEP)
   在 SGF.Network.General.Server.Gateway.DoReceiveInThread() 位置 F:\Project\gad\Recording\SGF\SGFCore\Network\General\Server\Gateway.cs:行号 134
   在 SGF.Network.General.Server.Gateway.Thread_Recv() 位置 F:\Project\gad\Recording\SGF\SGFCore\Network\General\Server\Gateway.cs:行号 118
[W]23:10:47.412 > Gateway::Thread_Recv() 远程主机强迫关闭了一个现有的连接。
   在 System.Net.Sockets.Socket.ReceiveFrom(Byte[] buffer, Int32 offset, Int32 size, SocketFlags socketFlags, EndPoint& remoteEP)
   在 System.Net.Sockets.Socket.ReceiveFrom(Byte[] buffer, Int32 size, SocketFlags socketFlags, EndPoint& remoteEP)
   在 SGF.Network.General.Server.Gateway.DoReceiveInThread() 位置 F:\Project\gad\Recording\SGF\SGFCore\Network\General\Server\Gateway.cs:行号 134
   在 SGF.Network.General.Server.Gateway.Thread_Recv() 位置 F:\Project\gad\Recording\SGF\SGFCore\Network\General\Server\Gateway.cs:行号 118
[W]23:10:49.313 > Gateway::Thread_Recv() 远程主机强迫关闭了一个现有的连接。
   在 System.Net.Sockets.Socket.ReceiveFrom(Byte[] buffer, Int32 offset, Int32 size, SocketFlags socketFlags, EndPoint& remoteEP)
   在 System.Net.Sockets.Socket.ReceiveFrom(Byte[] buffer, Int32 size, SocketFlags socketFlags, EndPoint& remoteEP)
   在 SGF.Network.General.Server.Gateway.DoReceiveInThread() 位置 F:\Project\gad\Recording\SGF\SGFCore\Network\General\Server\Gateway.cs:行号 134
   在 SGF.Network.General.Server.Gateway.Thread_Recv() 位置 F:\Project\gad\Recording\SGF\SGFCore\Network\General\Server\Gateway.cs:行号 118
[W]23:10:51.312 > Gateway::Thread_Recv() 远程主机强迫关闭了一个现有的连接。
   在 System.Net.Sockets.Socket.ReceiveFrom(Byte[] buffer, Int32 offset, Int32 size, SocketFlags socketFlags, EndPoint& remoteEP)
   在 System.Net.Sockets.Socket.ReceiveFrom(Byte[] buffer, Int32 size, SocketFlags socketFlags, EndPoint& remoteEP)
   在 SGF.Network.General.Server.Gateway.DoReceiveInThread() 位置 F:\Project\gad\Recording\SGF\SGFCore\Network\General\Server\Gateway.cs:行号 134
   在 SGF.Network.General.Server.Gateway.Thread_Recv() 位置 F:\Project\gad\Recording\SGF\SGFCore\Network\General\Server\Gateway.cs:行号 118
[W]23:10:53.412 > Gateway::Thread_Recv() 远程主机强迫关闭了一个现有的连接。
   在 System.Net.Sockets.Socket.ReceiveFrom(Byte[] buffer, Int32 offset, Int32 size, SocketFlags socketFlags, EndPoint& remoteEP)
   在 System.Net.Sockets.Socket.ReceiveFrom(Byte[] buffer, Int32 size, SocketFlags socketFlags, EndPoint& remoteEP)
   在 SGF.Network.General.Server.Gateway.DoReceiveInThread() 位置 F:\Project\gad\Recording\SGF\SGFCore\Network\General\Server\Gateway.cs:行号 134
   在 SGF.Network.General.Server.Gateway.Thread_Recv() 位置 F:\Project\gad\Recording\SGF\SGFCore\Network\General\Server\Gateway.cs:行号 118
[W]23:10:55.613 > Gateway::Thread_Recv() 远程主机强迫关闭了一个现有的连接。
   在 System.Net.Sockets.Socket.ReceiveFrom(Byte[] buffer, Int32 offset, Int32 size, SocketFlags socketFlags, EndPoint& remoteEP)
   在 System.Net.Sockets.Socket.ReceiveFrom(Byte[] buffer, Int32 size, SocketFlags socketFlags, EndPoint& remoteEP)
   在 SGF.Network.General.Server.Gateway.DoReceiveInThread() 位置 F:\Project\gad\Recording\SGF\SGFCore\Network\General\Server\Gateway.cs:行号 134
   在 SGF.Network.General.Server.Gateway.Thread_Recv() 位置 F:\Project\gad\Recording\SGF\SGFCore\Network\General\Server\Gateway.cs:行号 118
[W]23:10:57.912 > Gateway::Thread_Recv() 远程主机强迫关闭了一个现有的连接。
   在 System.Net.Sockets.Socket.ReceiveFrom(Byte[] buffer, Int32 offset, Int32 size, SocketFlags socketFlags, EndPoint& remoteEP)
   在 System.Net.Sockets.Socket.ReceiveFrom(Byte[] buffer, Int32 size, SocketFlags socketFlags, EndPoint& remoteEP)
   在 SGF.Network.General.Server.Gateway.DoReceiveInThread() 位置 F:\Project\gad\Recording\SGF\SGFCore\Network\General\Server\Gateway.cs:行号 134
   在 SGF.Network.General.Server.Gateway.Thread_Recv() 位置 F:\Project\gad\Recording\SGF\SGFCore\Network\General\Server\Gateway.cs:行号 118
[W]23:11:00.314 > Gateway::Thread_Recv() 远程主机强迫关闭了一个现有的连接。
   在 System.Net.Sockets.Socket.ReceiveFrom(Byte[] buffer, Int32 offset, Int32 size, SocketFlags socketFlags, EndPoint& remoteEP)
   在 System.Net.Sockets.Socket.ReceiveFrom(Byte[] buffer, Int32 size, SocketFlags socketFlags, EndPoint& remoteEP)
   在 SGF.Network.General.Server.Gateway.DoReceiveInThread() 位置 F:\Project\gad\Recording\SGF\SGFCore\Network\General\Server\Gateway.cs:行号 134
   在 SGF.Network.General.Server.Gateway.Thread_Recv() 位置 F:\Project\gad\Recording\SGF\SGFCore\Network\General\Server\Gateway.cs:行号 118
[W]23:11:02.823 > Gateway::Thread_Recv() 远程主机强迫关闭了一个现有的连接。
   在 System.Net.Sockets.Socket.ReceiveFrom(Byte[] buffer, Int32 offset, Int32 size, SocketFlags socketFlags, EndPoint& remoteEP)
   在 System.Net.Sockets.Socket.ReceiveFrom(Byte[] buffer, Int32 size, SocketFlags socketFlags, EndPoint& remoteEP)
   在 SGF.Network.General.Server.Gateway.DoReceiveInThread() 位置 F:\Project\gad\Recording\SGF\SGFCore\Network\General\Server\Gateway.cs:行号 134
   在 SGF.Network.General.Server.Gateway.Thread_Recv() 位置 F:\Project\gad\Recording\SGF\SGFCore\Network\General\Server\Gateway.cs:行号 118
[W]23:11:05.422 > Gateway::Thread_Recv() 远程主机强迫关闭了一个现有的连接。
   在 System.Net.Sockets.Socket.ReceiveFrom(Byte[] buffer, Int32 offset, Int32 size, SocketFlags socketFlags, EndPoint& remoteEP)
   在 System.Net.Sockets.Socket.ReceiveFrom(Byte[] buffer, Int32 size, SocketFlags socketFlags, EndPoint& remoteEP)
   在 SGF.Network.General.Server.Gateway.DoReceiveInThread() 位置 F:\Project\gad\Recording\SGF\SGFCore\Network\General\Server\Gateway.cs:行号 134
   在 SGF.Network.General.Server.Gateway.Thread_Recv() 位置 F:\Project\gad\Recording\SGF\SGFCore\Network\General\Server\Gateway.cs:行号 118
[W]23:11:08.124 > Gateway::Thread_Recv() 远程主机强迫关闭了一个现有的连接。
   在 System.Net.Sockets.Socket.ReceiveFrom(Byte[] buffer, Int32 offset, Int32 size, SocketFlags socketFlags, EndPoint& remoteEP)
   在 System.Net.Sockets.Socket.ReceiveFrom(Byte[] buffer, Int32 size, SocketFlags socketFlags, EndPoint& remoteEP)
   在 SGF.Network.General.Server.Gateway.DoReceiveInThread() 位置 F:\Project\gad\Recording\SGF\SGFCore\Network\General\Server\Gateway.cs:行号 134
   在 SGF.Network.General.Server.Gateway.Thread_Recv() 位置 F:\Project\gad\Recording\SGF\SGFCore\Network\General\Server\Gateway.cs:行号 118
[W]23:11:10.923 > Gateway::Thread_Recv() 远程主机强迫关闭了一个现有的连接。
   在 System.Net.Sockets.Socket.ReceiveFrom(Byte[] buffer, Int32 offset, Int32 size, SocketFlags socketFlags, EndPoint& remoteEP)
   在 System.Net.Sockets.Socket.ReceiveFrom(Byte[] buffer, Int32 size, SocketFlags socketFlags, EndPoint& remoteEP)
   在 SGF.Network.General.Server.Gateway.DoReceiveInThread() 位置 F:\Project\gad\Recording\SGF\SGFCore\Network\General\Server\Gateway.cs:行号 134
   在 SGF.Network.General.Server.Gateway.Thread_Recv() 位置 F:\Project\gad\Recording\SGF\SGFCore\Network\General\Server\Gateway.cs:行号 118
[I]23:11:11.798 > NetManager::Send() index:7, cmd:4
[I]23:11:12.970 > IPCManager::Invoke() ->[2] StartGame([1, 0, [0]])
[E]23:11:12.981 > NetManager::HandleRPCMessage() RPC调用出错：调用的目标发生了异常。
   在 System.RuntimeMethodHandle._InvokeMethodFast(Object target, Object[] arguments, SignatureStruct& sig, MethodAttributes methodAttributes, RuntimeTypeHandle typeOwner)
   在 System.Reflection.RuntimeMethodInfo.Invoke(Object obj, BindingFlags invokeAttr, Binder binder, Object[] parameters, CultureInfo culture, Boolean skipVisibilityChecks)
   在 System.Reflection.RuntimeMethodInfo.Invoke(Object obj, BindingFlags invokeAttr, Binder binder, Object[] parameters, CultureInfo culture)
   在 SGF.Network.General.Server.NetManager.HandleRPCMessage(ISession session, RPCMessage rpcmsg) 位置 F:\Project\gad\Recording\SGF\SGFCore\Network\General\Server\NetManager.cs:行号 161
   在 SGF.Debuger.LogError(String format, Object[] args)
   在 SGF.Network.General.Server.NetManager.HandleRPCMessage(ISession session, RPCMessage rpcmsg)
   在 SGF.Network.General.Server.NetManager.OnReceive(ISession session, Byte[] bytes, Int32 len)
   在 SGF.Network.General.Server.KCPSession.DoReceiveInMain()
   在 SGF.Network.General.Server.KCPSession.Tick(UInt32 currentTimeMS)
   在 SGF.Network.General.Server.Gateway.Tick()
   在 SGF.Network.General.Server.NetManager.Tick()
   在 Snaker.Server.ZoneServer.ZoneServer.Tick()
   在 SGF.Server.ServerManager.Tick()
   在 SGF.Server.MainLoop.Run()
   在 Snaker.Server.Program.Main(String[] args)

[I]23:11:16.152 > IPCManager::Invoke() ->[2] StartGame([1, 0, [0]])
[E]23:11:16.157 > NetManager::HandleRPCMessage() RPC调用出错：调用的目标发生了异常。
   在 System.RuntimeMethodHandle._InvokeMethodFast(Object target, Object[] arguments, SignatureStruct& sig, MethodAttributes methodAttributes, RuntimeTypeHandle typeOwner)
   在 System.Reflection.RuntimeMethodInfo.Invoke(Object obj, BindingFlags invokeAttr, Binder binder, Object[] parameters, CultureInfo culture, Boolean skipVisibilityChecks)
   在 System.Reflection.RuntimeMethodInfo.Invoke(Object obj, BindingFlags invokeAttr, Binder binder, Object[] parameters, CultureInfo culture)
   在 SGF.Network.General.Server.NetManager.HandleRPCMessage(ISession session, RPCMessage rpcmsg) 位置 F:\Project\gad\Recording\SGF\SGFCore\Network\General\Server\NetManager.cs:行号 161
   在 SGF.Debuger.LogError(String format, Object[] args)
   在 SGF.Network.General.Server.NetManager.HandleRPCMessage(ISession session, RPCMessage rpcmsg)
   在 SGF.Network.General.Server.NetManager.OnReceive(ISession session, Byte[] bytes, Int32 len)
   在 SGF.Network.General.Server.KCPSession.DoReceiveInMain()
   在 SGF.Network.General.Server.KCPSession.Tick(UInt32 currentTimeMS)
   在 SGF.Network.General.Server.Gateway.Tick()
   在 SGF.Network.General.Server.NetManager.Tick()
   在 Snaker.Server.ZoneServer.ZoneServer.Tick()
   在 SGF.Server.ServerManager.Tick()
   在 SGF.Server.MainLoop.Run()
   在 Snaker.Server.Program.Main(String[] args)

[I]23:11:16.815 > NetManager::Send() index:8, cmd:4
[I]23:11:21.816 > NetManager::Send() index:9, cmd:4
[I]23:11:26.827 > NetManager::Send() index:10, cmd:4
[I]23:11:30.132 > IPCManager::Invoke() ->[2] StartGame([1, 0, [0]])
[E]23:11:30.135 > NetManager::HandleRPCMessage() RPC调用出错：调用的目标发生了异常。
   在 System.RuntimeMethodHandle._InvokeMethodFast(Object target, Object[] arguments, SignatureStruct& sig, MethodAttributes methodAttributes, RuntimeTypeHandle typeOwner)
   在 System.Reflection.RuntimeMethodInfo.Invoke(Object obj, BindingFlags invokeAttr, Binder binder, Object[] parameters, CultureInfo culture, Boolean skipVisibilityChecks)
   在 System.Reflection.RuntimeMethodInfo.Invoke(Object obj, BindingFlags invokeAttr, Binder binder, Object[] parameters, CultureInfo culture)
   在 SGF.Network.General.Server.NetManager.HandleRPCMessage(ISession session, RPCMessage rpcmsg) 位置 F:\Project\gad\Recording\SGF\SGFCore\Network\General\Server\NetManager.cs:行号 161
   在 SGF.Debuger.LogError(String format, Object[] args)
   在 SGF.Network.General.Server.NetManager.HandleRPCMessage(ISession session, RPCMessage rpcmsg)
   在 SGF.Network.General.Server.NetManager.OnReceive(ISession session, Byte[] bytes, Int32 len)
   在 SGF.Network.General.Server.KCPSession.DoReceiveInMain()
   在 SGF.Network.General.Server.KCPSession.Tick(UInt32 currentTimeMS)
   在 SGF.Network.General.Server.Gateway.Tick()
   在 SGF.Network.General.Server.NetManager.Tick()
   在 Snaker.Server.ZoneServer.ZoneServer.Tick()
   在 SGF.Server.ServerManager.Tick()
   在 SGF.Server.MainLoop.Run()
   在 Snaker.Server.Program.Main(String[] args)

