[I]00:29:36.321 ================================================================================
[I]00:29:36.345                                    SGFDebuger                                   
[I]00:29:36.346 --------------------------------------------------------------------------------
[I]00:29:36.346 Time:	00:29:36.317 
[I]00:29:36.346 Path:	F:\Project\gad\Recording\Snaker2\Server\Apps\/ServerLog/
[I]00:29:36.346 ================================================================================
[I]00:29:36.349 > Program::InitDebuger() 
[I]00:29:36.533 > ServerManager::StartServer() 2
[I]00:29:36.537 > ServerConfig::ReadConfig() 
[I]00:29:36.552 > GameServer[2,4541]::Create() 
[I]00:29:36.560 > GameServer[2,4541]::Start() 
[I]00:29:36.563 > FSPManager::Init() port:4541
[I]00:29:36.564 > FSPGateway::Init() port:4541
[I]00:29:36.568 > FSPGateway::Start() 
[I]00:29:36.721 > IPCConfig::ReadConfig() 
[I]00:29:36.734 > RPCManagerBase::RegisterListener() GameManager
[I]00:29:36.748 > MainLoop::Run() 
[I]00:30:45.767 > IPCManager::HandleMessage() [1]-> StartGame([System.Byte[]])
[I]00:30:45.788 > FSPGame::Create() 
[I]00:30:45.790 > FSPGame::SetGameState() >>>>>>>>>>>>>>>>>>>>>>>>>>>>>>>>>>>>>>>>>>>>>>>>>>>>>>>>>>>>>>>>>>>
[I]00:30:45.792 > FSPGame::SetGameState() None -> Create, param1 = 0, param2 = 0
[I]00:30:45.793 > FSPGame::SetGameState() <<<<<<<<<<<<<<<<<<<<<<<<<<<<<<<<<<<<<<<<<<<<<<<<<<<<<<<<<<<<<<<<<<<
[I]00:30:45.801 > FSPGame::AddPlayer() playerId:0
[I]00:30:45.830 > IPCManager::Return() ->[1] OnStartGame([SGF.Network.FSPLite.FSPParam, Snaker.GlobalData.Data.GameStartParam])
[W]00:33:32.080 > FSPGateway::Thread_Recv() 远程主机强迫关闭了一个现有的连接。
   在 System.Net.Sockets.Socket.ReceiveFrom(Byte[] buffer, Int32 offset, Int32 size, SocketFlags socketFlags, EndPoint& remoteEP)
   在 System.Net.Sockets.Socket.ReceiveFrom(Byte[] buffer, Int32 size, SocketFlags socketFlags, EndPoint& remoteEP)
   在 SGF.Network.FSPLite.Server.FSPGateway.DoReceiveInThread() 位置 F:\Project\gad\Recording\SGF\SGFCore\Network\FSPLite\Server\FSPGateway.cs:行号 196
   在 SGF.Network.FSPLite.Server.FSPGateway.Thread_Recv() 位置 F:\Project\gad\Recording\SGF\SGFCore\Network\FSPLite\Server\FSPGateway.cs:行号 181
[W]00:33:32.104 > FSPGateway::Thread_Recv() 远程主机强迫关闭了一个现有的连接。
   在 System.Net.Sockets.Socket.ReceiveFrom(Byte[] buffer, Int32 offset, Int32 size, SocketFlags socketFlags, EndPoint& remoteEP)
   在 System.Net.Sockets.Socket.ReceiveFrom(Byte[] buffer, Int32 size, SocketFlags socketFlags, EndPoint& remoteEP)
   在 SGF.Network.FSPLite.Server.FSPGateway.DoReceiveInThread() 位置 F:\Project\gad\Recording\SGF\SGFCore\Network\FSPLite\Server\FSPGateway.cs:行号 196
   在 SGF.Network.FSPLite.Server.FSPGateway.Thread_Recv() 位置 F:\Project\gad\Recording\SGF\SGFCore\Network\FSPLite\Server\FSPGateway.cs:行号 181
[W]00:33:32.118 > FSPGateway::Thread_Recv() 远程主机强迫关闭了一个现有的连接。
   在 System.Net.Sockets.Socket.ReceiveFrom(Byte[] buffer, Int32 offset, Int32 size, SocketFlags socketFlags, EndPoint& remoteEP)
   在 System.Net.Sockets.Socket.ReceiveFrom(Byte[] buffer, Int32 size, SocketFlags socketFlags, EndPoint& remoteEP)
   在 SGF.Network.FSPLite.Server.FSPGateway.DoReceiveInThread() 位置 F:\Project\gad\Recording\SGF\SGFCore\Network\FSPLite\Server\FSPGateway.cs:行号 196
   在 SGF.Network.FSPLite.Server.FSPGateway.Thread_Recv() 位置 F:\Project\gad\Recording\SGF\SGFCore\Network\FSPLite\Server\FSPGateway.cs:行号 181
[W]00:33:32.129 > FSPGateway::Thread_Recv() 远程主机强迫关闭了一个现有的连接。
   在 System.Net.Sockets.Socket.ReceiveFrom(Byte[] buffer, Int32 offset, Int32 size, SocketFlags socketFlags, EndPoint& remoteEP)
   在 System.Net.Sockets.Socket.ReceiveFrom(Byte[] buffer, Int32 size, SocketFlags socketFlags, EndPoint& remoteEP)
   在 SGF.Network.FSPLite.Server.FSPGateway.DoReceiveInThread() 位置 F:\Project\gad\Recording\SGF\SGFCore\Network\FSPLite\Server\FSPGateway.cs:行号 196
   在 SGF.Network.FSPLite.Server.FSPGateway.Thread_Recv() 位置 F:\Project\gad\Recording\SGF\SGFCore\Network\FSPLite\Server\FSPGateway.cs:行号 181
[W]00:35:15.748 > FSPGateway::Thread_Recv() 远程主机强迫关闭了一个现有的连接。
   在 System.Net.Sockets.Socket.ReceiveFrom(Byte[] buffer, Int32 offset, Int32 size, SocketFlags socketFlags, EndPoint& remoteEP)
   在 System.Net.Sockets.Socket.ReceiveFrom(Byte[] buffer, Int32 size, SocketFlags socketFlags, EndPoint& remoteEP)
   在 SGF.Network.FSPLite.Server.FSPGateway.DoReceiveInThread() 位置 F:\Project\gad\Recording\SGF\SGFCore\Network\FSPLite\Server\FSPGateway.cs:行号 196
   在 SGF.Network.FSPLite.Server.FSPGateway.Thread_Recv() 位置 F:\Project\gad\Recording\SGF\SGFCore\Network\FSPLite\Server\FSPGateway.cs:行号 181
[W]00:37:45.337 > FSPGateway::Thread_Recv() 远程主机强迫关闭了一个现有的连接。
   在 System.Net.Sockets.Socket.ReceiveFrom(Byte[] buffer, Int32 offset, Int32 size, SocketFlags socketFlags, EndPoint& remoteEP)
   在 System.Net.Sockets.Socket.ReceiveFrom(Byte[] buffer, Int32 size, SocketFlags socketFlags, EndPoint& remoteEP)
   在 SGF.Network.FSPLite.Server.FSPGateway.DoReceiveInThread() 位置 F:\Project\gad\Recording\SGF\SGFCore\Network\FSPLite\Server\FSPGateway.cs:行号 196
   在 SGF.Network.FSPLite.Server.FSPGateway.Thread_Recv() 位置 F:\Project\gad\Recording\SGF\SGFCore\Network\FSPLite\Server\FSPGateway.cs:行号 181
