[I]11:35:19.627 ================================================================================
[I]11:35:19.631                                    SGFDebuger                                   
[I]11:35:19.631 --------------------------------------------------------------------------------
[I]11:35:19.632 Time:	11:35:19.626 
[I]11:35:19.632 Path:	F:\Project\gad\Recording\Snaker2\Server\Apps\/ServerLog/
[I]11:35:19.632 ================================================================================
[I]11:35:19.634 > Program::InitDebuger() 
[I]11:35:19.646 > ServerManager::StartServer() 1
[I]11:35:19.649 > ServerConfig::ReadConfig() 
[I]11:35:19.664 > ZoneServer[1,4540]::Create() 
[I]11:35:19.667 > ZoneServer[1,4540]::Start() 
[I]11:35:19.670 > NetManager::Init() port:4540
[I]11:35:19.674 > Gateway::Init() port:4540
[I]11:35:19.678 > Gateway::Start() 
[I]11:35:19.700 > IPCConfig::ReadConfig() 
[I]11:35:19.705 > NetManager::AddListener() cmd:1, listener:OnlineManager.OnLoginReq
[I]11:35:19.706 > NetManager::AddListener() cmd:3, listener:OnlineManager.OnHeartBeatReq
[I]11:35:19.708 > RPCManagerBase::RegisterListener() OnlineManager
[I]11:35:19.709 > RPCManagerBase::RegisterListener() RoomManager
[I]11:35:19.710 > RPCManagerBase::RegisterListener() RoomManager
[I]11:35:19.711 > MainLoop::Run() 
[I]11:35:24.252 > OnlineManager::OnLoginReq() session:1, index:3, name:a
[I]11:35:24.256 > NetManager::Send() index:3, cmd:2
[I]11:35:24.498 > NetManager::Send() index:4, cmd:4
