[I]00:45:44.833 ================================================================================
[I]00:45:44.861                                    SGFDebuger                                   
[I]00:45:44.861 --------------------------------------------------------------------------------
[I]00:45:44.862 Time:	00:45:44.831 
[I]00:45:44.862 Path:	F:\Project\gad\Recording\Snaker2\Server\Apps\/ServerLog/
[I]00:45:44.862 ================================================================================
[I]00:45:44.863 > Program::InitDebuger() 
[I]00:45:44.927 > ServerManager::StartServer() 2
[I]00:45:44.929 > ServerConfig::ReadConfig() 
[I]00:45:44.950 > GameServer[2,4541]::Create() 
[I]00:45:44.957 > GameServer[2,4541]::Start() 
[I]00:45:44.960 > FSPManager::Init() port:4541
[I]00:45:44.962 > FSPGateway::Init() port:4541
[I]00:45:44.963 > FSPGateway::Start() 
[I]00:45:44.997 > IPCConfig::ReadConfig() 
[I]00:45:45.007 > RPCManagerBase::RegisterListener() GameManager
[I]00:45:45.008 > MainLoop::Run() 
[I]00:45:48.661 > IPCManager::HandleMessage() [1]-> StartGame([System.Byte[]])
[I]00:45:48.675 > FSPGame::Create() 
[I]00:45:48.676 > FSPGame::SetGameState() >>>>>>>>>>>>>>>>>>>>>>>>>>>>>>>>>>>>>>>>>>>>>>>>>>>>>>>>>>>>>>>>>>>
[I]00:45:48.676 > FSPGame::SetGameState() None -> Create, param1 = 0, param2 = 0
[I]00:45:48.677 > FSPGame::SetGameState() <<<<<<<<<<<<<<<<<<<<<<<<<<<<<<<<<<<<<<<<<<<<<<<<<<<<<<<<<<<<<<<<<<<
[I]00:45:48.682 > FSPGame::AddPlayer() playerId:0
[I]00:45:48.702 > IPCManager::Return() ->[1] OnStartGame([SGF.Network.FSPLite.FSPParam, Snaker.GlobalData.Data.GameStartParam])
